BLASTN 2.2.31+


Query= genome long18s

Length=549

Subject= 
Length=102956


 Score = 24.7 bits (26),  Expect = 2.0
 Identities = 13/13 (100%), Gaps = 0/13 (0%)
 Strand=Plus/Minus

Query  494   TGCCTTCGCCATC  506
             |||||||||||||
Sbjct  1897  TGCCTTCGCCATC  1885


 Score = 22.9 bits (24),  Expect = 6.8
 Identities = 12/12 (100%), Gaps = 0/12 (0%)
 Strand=Plus/Minus

Query  251    TTTTCGCGTTGC  262
              ||||||||||||
Sbjct  10481  TTTTCGCGTTGC  10470


 Score = 22.9 bits (24),  Expect = 6.8
 Identities = 12/12 (100%), Gaps = 0/12 (0%)
 Strand=Plus/Minus

Query  187    CTTTCTCTTTCG  198
              ||||||||||||
Sbjct  16753  CTTTCTCTTTCG  16742


 Score = 22.9 bits (24),  Expect = 6.8
 Identities = 12/12 (100%), Gaps = 0/12 (0%)
 Strand=Plus/Minus

Query  187    CTTTCTCTTTCG  198
              ||||||||||||
Sbjct  66568  CTTTCTCTTTCG  66557


 Score = 22.9 bits (24),  Expect = 6.8
 Identities = 12/12 (100%), Gaps = 0/12 (0%)
 Strand=Plus/Minus

Query  494    TGCCTTCGCCAT  505
              ||||||||||||
Sbjct  83440  TGCCTTCGCCAT  83429


 Score = 22.9 bits (24),  Expect = 6.8
 Identities = 12/12 (100%), Gaps = 0/12 (0%)
 Strand=Plus/Minus

Query  188    TTTCTCTTTCGA  199
              ||||||||||||
Sbjct  98755  TTTCTCTTTCGA  98744


 Score = 22.9 bits (24),  Expect = 6.8
 Identities = 12/12 (100%), Gaps = 0/12 (0%)
 Strand=Plus/Minus

Query  238     GGGTAGGTAAGG  249
               ||||||||||||
Sbjct  101512  GGGTAGGTAAGG  101501



Lambda      K        H
   0.634    0.408    0.912 

Gapped
Lambda      K        H
   0.625    0.410    0.780 

Effective search space used: 54556610




Matrix: blastn matrix 2 -3
Gap Penalties: Existence: 5, Extension: 2
