BLASTN 2.2.31+


Query= genome long18s

Length=549

Subject= 
Length=19431


 Score = 22.9 bits (24),  Expect = 1.3
 Identities = 12/12 (100%), Gaps = 0/12 (0%)
 Strand=Plus/Plus

Query  255  CGCGTTGCATCG  266
            ||||||||||||
Sbjct  913  CGCGTTGCATCG  924


 Score = 21.1 bits (22),  Expect = 4.5
 Identities = 11/11 (100%), Gaps = 0/11 (0%)
 Strand=Plus/Minus

Query  492   GCTGCCTTCGC  502
             |||||||||||
Sbjct  2317  GCTGCCTTCGC  2307


 Score = 21.1 bits (22),  Expect = 4.5
 Identities = 11/11 (100%), Gaps = 0/11 (0%)
 Strand=Plus/Plus

Query  137   CCAACATCTCA  147
             |||||||||||
Sbjct  4261  CCAACATCTCA  4271


 Score = 21.1 bits (22),  Expect = 4.5
 Identities = 11/11 (100%), Gaps = 0/11 (0%)
 Strand=Plus/Minus

Query  495    GCCTTCGCCAT  505
              |||||||||||
Sbjct  15658  GCCTTCGCCAT  15648


 Score = 21.1 bits (22),  Expect = 4.5
 Identities = 11/11 (100%), Gaps = 0/11 (0%)
 Strand=Plus/Plus

Query  119    CTCGTTGCGGG  129
              |||||||||||
Sbjct  15723  CTCGTTGCGGG  15733


 Score = 21.1 bits (22),  Expect = 4.5
 Identities = 11/11 (100%), Gaps = 0/11 (0%)
 Strand=Plus/Minus

Query  314    TTGAGTTTTAA  324
              |||||||||||
Sbjct  18285  TTGAGTTTTAA  18275



Lambda      K        H
   0.634    0.408    0.912 

Gapped
Lambda      K        H
   0.625    0.410    0.780 

Effective search space used: 10328248




Matrix: blastn matrix 2 -3
Gap Penalties: Existence: 5, Extension: 2
