BLASTN 2.2.31+


Query= genome long18s

Length=549

Subject= 
Length=4923


 Score = 21.1 bits (22),  Expect = 1.1
 Identities = 11/11 (100%), Gaps = 0/11 (0%)
 Strand=Plus/Plus

Query  431   GGTATCTAATC  441
             |||||||||||
Sbjct  1961  GGTATCTAATC  1971


 Score = 21.1 bits (22),  Expect = 1.1
 Identities = 11/11 (100%), Gaps = 0/11 (0%)
 Strand=Plus/Plus

Query  226   GTGGCATGTCA  236
             |||||||||||
Sbjct  3848  GTGGCATGTCA  3858


 Score = 21.1 bits (22),  Expect = 1.1
 Identities = 11/11 (100%), Gaps = 0/11 (0%)
 Strand=Plus/Minus

Query  494   TGCCTTCGCCA  504
             |||||||||||
Sbjct  4581  TGCCTTCGCCA  4571



Lambda      K        H
   0.634    0.408    0.912 

Gapped
Lambda      K        H
   0.625    0.410    0.780 

Effective search space used: 2620872




Matrix: blastn matrix 2 -3
Gap Penalties: Existence: 5, Extension: 2
