BLASTN 2.2.31+


Query= genome long18s

Length=549

Subject= 
Length=3102


 Score = 33.7 bits (36),  Expect = 1e-04
 Identities = 37/47 (79%), Gaps = 2/47 (4%)
 Strand=Plus/Plus

Query  501   GCCATCGGTATTCCTCCACATCTCTACGCatatat-atataatatat  546
             ||| ||||||||||| | | ||||| |||  || | |||| ||||||
Sbjct  2807  GCCGTCGGTATTCCT-CGCGTCTCTGCGCCCATTTCATATGATATAT  2852


 Score = 22.9 bits (24),  Expect = 0.21
 Identities = 12/12 (100%), Gaps = 0/12 (0%)
 Strand=Plus/Plus

Query  286   CCGCTTGTGCGG  297
             ||||||||||||
Sbjct  1531  CCGCTTGTGCGG  1542


 Score = 21.1 bits (22),  Expect = 0.72
 Identities = 11/11 (100%), Gaps = 0/11 (0%)
 Strand=Plus/Minus

Query  66   ACCGGCAGTCT  76
            |||||||||||
Sbjct  306  ACCGGCAGTCT  296


 Score = 21.1 bits (22),  Expect = 0.72
 Identities = 13/14 (93%), Gaps = 0/14 (0%)
 Strand=Plus/Minus

Query  462   CGTGCATGAGCGTC  475
             || |||||||||||
Sbjct  2891  CGCGCATGAGCGTC  2878



Lambda      K        H
   0.634    0.408    0.912 

Gapped
Lambda      K        H
   0.625    0.410    0.780 

Effective search space used: 1648458




Matrix: blastn matrix 2 -3
Gap Penalties: Existence: 5, Extension: 2
