BLASTN 2.2.31+


Query= genome long18s

Length=549

Subject= 
Length=7640


 Score = 30.1 bits (32),  Expect = 0.003
 Identities = 16/16 (100%), Gaps = 0/16 (0%)
 Strand=Plus/Minus

Query  490   AGGCTGCCTTCGCCAT  505
             ||||||||||||||||
Sbjct  3973  AGGCTGCCTTCGCCAT  3958


 Score = 21.1 bits (22),  Expect = 1.8
 Identities = 11/11 (100%), Gaps = 0/11 (0%)
 Strand=Plus/Minus

Query  495   GCCTTCGCCAT  505
             |||||||||||
Sbjct  4918  GCCTTCGCCAT  4908



Lambda      K        H
   0.634    0.408    0.912 

Gapped
Lambda      K        H
   0.625    0.410    0.780 

Effective search space used: 4063592




Matrix: blastn matrix 2 -3
Gap Penalties: Existence: 5, Extension: 2
