BLASTN 2.2.31+


Query= genome long18s

Length=549

Subject= 
Length=10636


 Score = 21.1 bits (22),  Expect = 2.5
 Identities = 11/11 (100%), Gaps = 0/11 (0%)
 Strand=Plus/Minus

Query  84   GTGCCCTTTCG  94
            |||||||||||
Sbjct  883  GTGCCCTTTCG  873


 Score = 21.1 bits (22),  Expect = 2.5
 Identities = 13/14 (93%), Gaps = 0/14 (0%)
 Strand=Plus/Minus

Query  159   GACGACAGCCATGC  172
             ||||||||||| ||
Sbjct  1943  GACGACAGCCACGC  1930


 Score = 21.1 bits (22),  Expect = 2.5
 Identities = 11/11 (100%), Gaps = 0/11 (0%)
 Strand=Plus/Plus

Query  286   CCGCTTGTGCG  296
             |||||||||||
Sbjct  3036  CCGCTTGTGCG  3046



Lambda      K        H
   0.634    0.408    0.912 

Gapped
Lambda      K        H
   0.625    0.410    0.780 

Effective search space used: 5660460




Matrix: blastn matrix 2 -3
Gap Penalties: Existence: 5, Extension: 2
