BLASTN 2.2.31+


Query= genome long18s

Length=549

Subject= 
Length=4465


 Score = 22.9 bits (24),  Expect = 0.30
 Identities = 12/12 (100%), Gaps = 0/12 (0%)
 Strand=Plus/Minus

Query  239   GGTAGGTAAGGT  250
             ||||||||||||
Sbjct  3340  GGTAGGTAAGGT  3329


 Score = 21.1 bits (22),  Expect = 1.0
 Identities = 11/11 (100%), Gaps = 0/11 (0%)
 Strand=Plus/Plus

Query  492   GCTGCCTTCGC  502
             |||||||||||
Sbjct  1530  GCTGCCTTCGC  1540



Lambda      K        H
   0.634    0.408    0.912 

Gapped
Lambda      K        H
   0.625    0.410    0.780 

Effective search space used: 2376300




Matrix: blastn matrix 2 -3
Gap Penalties: Existence: 5, Extension: 2
