BLASTN 2.2.31+


Query= genome long18s

Length=549

Subject= 
Length=16105


 Score = 21.1 bits (22),  Expect = 3.7
 Identities = 11/11 (100%), Gaps = 0/11 (0%)
 Strand=Plus/Minus

Query  34    TTGACGTCATC  44
             |||||||||||
Sbjct  7062  TTGACGTCATC  7052


 Score = 21.1 bits (22),  Expect = 3.7
 Identities = 11/11 (100%), Gaps = 0/11 (0%)
 Strand=Plus/Plus

Query  226    GTGGCATGTCA  236
              |||||||||||
Sbjct  10560  GTGGCATGTCA  10570



Lambda      K        H
   0.634    0.408    0.912 

Gapped
Lambda      K        H
   0.625    0.410    0.780 

Effective search space used: 8558816




Matrix: blastn matrix 2 -3
Gap Penalties: Existence: 5, Extension: 2
