BLASTN 2.2.31+


Query= genome long18s

Length=549

Subject= 
Length=10170


 Score = 28.3 bits (30),  Expect = 0.016
 Identities = 17/18 (94%), Gaps = 0/18 (0%)
 Strand=Plus/Minus

Query  477  GTGTTATCCCAGGAGGCT  494
            ||| ||||||||||||||
Sbjct  269  GTGCTATCCCAGGAGGCT  252


 Score = 21.1 bits (22),  Expect = 2.4
 Identities = 11/11 (100%), Gaps = 0/11 (0%)
 Strand=Plus/Plus

Query  512   TCCTCCACATC  522
             |||||||||||
Sbjct  3619  TCCTCCACATC  3629


 Score = 21.1 bits (22),  Expect = 2.4
 Identities = 11/11 (100%), Gaps = 0/11 (0%)
 Strand=Plus/Plus

Query  121   CGTTGCGGGAC  131
             |||||||||||
Sbjct  5403  CGTTGCGGGAC  5413


 Score = 21.1 bits (22),  Expect = 2.4
 Identities = 11/11 (100%), Gaps = 0/11 (0%)
 Strand=Plus/Minus

Query  482    ATCCCAGGAGG  492
              |||||||||||
Sbjct  10168  ATCCCAGGAGG  10158



Lambda      K        H
   0.634    0.408    0.912 

Gapped
Lambda      K        H
   0.625    0.410    0.780 

Effective search space used: 5412082




Matrix: blastn matrix 2 -3
Gap Penalties: Existence: 5, Extension: 2
