BLASTN 2.2.31+


Query= genome long18s

Length=549

Subject= 
Length=6005


 Score = 22.9 bits (24),  Expect = 0.40
 Identities = 12/12 (100%), Gaps = 0/12 (0%)
 Strand=Plus/Plus

Query  355   TTCACGCGTTAG  366
             ||||||||||||
Sbjct  4975  TTCACGCGTTAG  4986


 Score = 21.1 bits (22),  Expect = 1.4
 Identities = 11/11 (100%), Gaps = 0/11 (0%)
 Strand=Plus/Plus

Query  34    TTGACGTCATC  44
             |||||||||||
Sbjct  2297  TTGACGTCATC  2307


 Score = 21.1 bits (22),  Expect = 1.4
 Identities = 11/11 (100%), Gaps = 0/11 (0%)
 Strand=Plus/Plus

Query  451   CCCCACGCTTT  461
             |||||||||||
Sbjct  3353  CCCCACGCTTT  3363



Lambda      K        H
   0.634    0.408    0.912 

Gapped
Lambda      K        H
   0.625    0.410    0.780 

Effective search space used: 3192137




Matrix: blastn matrix 2 -3
Gap Penalties: Existence: 5, Extension: 2
