BLASTN 2.2.31+


Query= genome long18s

Length=549

Subject= 
Length=3060


 Score = 53.6 bits (58),  Expect = 1e-10
 Identities = 57/70 (81%), Gaps = 9/70 (13%)
 Strand=Plus/Plus

Query  465  GCATGAG-CGTCAGTGTTATCCCAGGAGGCTGCC-TTC-GCCATCGGTATTCCTCCACAT  521
            ||||||| |||||||||||||    | ||||||| ||| | || | ||  ||||||||||
Sbjct  439  GCATGAGACGTCAGTGTTATC----GGGGCTGCCCTTCTGTCAGCTGT--TCCTCCACAT  492

Query  522  CTCTACGCat  531
            ||||||||||
Sbjct  493  CTCTACGCAT  502


 Score = 53.6 bits (58),  Expect = 1e-10
 Identities = 57/72 (79%), Gaps = 9/72 (13%)
 Strand=Plus/Plus

Query  464   TGCATGAGCGTCAGTGTTAT-CCCAGGAGGCTGCCTTCGCCATCGGTATTC---CTCCAC  519
             ||||||| |||||||||||| ||||||||   ||||||||||||  | |||   || | |
Sbjct  2162  TGCATGAACGTCAGTGTTATCCCCAGGAG---GCCTTCGCCATCACTGTTCACTCTTCGC  2218

Query  520   ATCTCTACGCat  531
             |||||  |||||
Sbjct  2219  ATCTC--CGCAT  2228


 Score = 48.2 bits (52),  Expect = 5e-09
 Identities = 44/55 (80%), Gaps = 7/55 (13%)
 Strand=Plus/Plus

Query  471   GCGTCAGTGTTATCCCAGG-AGGCTGCCTTCGCCATCGGTATTCCTCCACATCTC  524
             ||||| ||||||||||||| |||||||||      ||   |||||||||||||||
Sbjct  1135  GCGTCGGTGTTATCCCAGGAAGGCTGCCT------TCAAAATTCCTCCACATCTC  1183


 Score = 41.0 bits (44),  Expect = 8e-07
 Identities = 30/34 (88%), Gaps = 1/34 (3%)
 Strand=Plus/Plus

Query  464   TGCATGAGCGTCAGTGTTATCCCAGGAGGCTGCC  497
             |||||||||||||||||| | || || |||||||
Sbjct  2732  TGCATGAGCGTCAGTGTTGT-CCGGGGGGCTGCC  2764


 Score = 37.4 bits (40),  Expect = 9e-06
 Identities = 25/27 (93%), Gaps = 2/27 (7%)
 Strand=Plus/Plus

Query  470  AGCGTCAGTGTTATCCCAGGAGGCTGC  496
            |||||||||||||||||||  ||||||
Sbjct  135  AGCGTCAGTGTTATCCCAG--GGCTGC  159


 Score = 37.4 bits (40),  Expect = 9e-06
 Identities = 33/39 (85%), Gaps = 2/39 (5%)
 Strand=Plus/Minus

Query  464   TGCATGAGCG-TCAGTGTTATCCCAGGAGGCTGCCTTCG  501
             |||||||||| ||||||||||  |||||||| |  ||||
Sbjct  1651  TGCATGAGCGTTCAGTGTTAT-TCAGGAGGCGGTTTTCG  1614



Lambda      K        H
   0.634    0.408    0.912 

Gapped
Lambda      K        H
   0.625    0.410    0.780 

Effective search space used: 1626030




Matrix: blastn matrix 2 -3
Gap Penalties: Existence: 5, Extension: 2
