BLASTN 2.2.31+


Query= genome long18s

Length=549

Subject= 
Length=4391


 Score = 24.7 bits (26),  Expect = 0.084
 Identities = 15/16 (94%), Gaps = 0/16 (0%)
 Strand=Plus/Minus

Query  247   AGGTTTTTCGCGTTGC  262
             |||||||||||| |||
Sbjct  3833  AGGTTTTTCGCGATGC  3818


 Score = 21.1 bits (22),  Expect = 1.0
 Identities = 11/11 (100%), Gaps = 0/11 (0%)
 Strand=Plus/Minus

Query  495  GCCTTCGCCAT  505
            |||||||||||
Sbjct  784  GCCTTCGCCAT  774



Lambda      K        H
   0.634    0.408    0.912 

Gapped
Lambda      K        H
   0.625    0.410    0.780 

Effective search space used: 2336784




Matrix: blastn matrix 2 -3
Gap Penalties: Existence: 5, Extension: 2
