BLASTN 2.2.31+


Query= genome long18s

Length=549

Subject= 
Length=3247


 Score = 22.9 bits (24),  Expect = 0.22
 Identities = 19/23 (83%), Gaps = 4/23 (17%)
 Strand=Plus/Plus

Query  195   TTCGAGCACCTAATGCATCTCTG  217
             ||||||||    |||||||||||
Sbjct  3115  TTCGAGCA----ATGCATCTCTG  3133


 Score = 21.1 bits (22),  Expect = 0.76
 Identities = 13/14 (93%), Gaps = 0/14 (0%)
 Strand=Plus/Minus

Query  261   GCATCGAATTAATC  274
             ||||||||||| ||
Sbjct  1223  GCATCGAATTATTC  1210



Lambda      K        H
   0.634    0.408    0.912 

Gapped
Lambda      K        H
   0.625    0.410    0.780 

Effective search space used: 1725888




Matrix: blastn matrix 2 -3
Gap Penalties: Existence: 5, Extension: 2
