BLASTN 2.2.31+


Query= genome long18s

Length=549

Subject= 
Length=4353


 Score = 21.1 bits (22),  Expect = 1.0
 Identities = 11/11 (100%), Gaps = 0/11 (0%)
 Strand=Plus/Plus

Query  288   GCTTGTGCGGG  298
             |||||||||||
Sbjct  2157  GCTTGTGCGGG  2167


 Score = 21.1 bits (22),  Expect = 1.0
 Identities = 11/11 (100%), Gaps = 0/11 (0%)
 Strand=Plus/Plus

Query  493   CTGCCTTCGCC  503
             |||||||||||
Sbjct  3935  CTGCCTTCGCC  3945



Lambda      K        H
   0.634    0.408    0.912 

Gapped
Lambda      K        H
   0.625    0.410    0.780 

Effective search space used: 2316492




Matrix: blastn matrix 2 -3
Gap Penalties: Existence: 5, Extension: 2
