BLASTN 2.2.31+


Query= genome long18s

Length=549

Subject= 
Length=8732


 Score = 21.1 bits (22),  Expect = 2.0
 Identities = 11/11 (100%), Gaps = 0/11 (0%)
 Strand=Plus/Minus

Query  453   CCACGCTTTCG  463
             |||||||||||
Sbjct  1065  CCACGCTTTCG  1055


 Score = 21.1 bits (22),  Expect = 2.0
 Identities = 13/14 (93%), Gaps = 0/14 (0%)
 Strand=Plus/Plus

Query  492   GCTGCCTTCGCCAT  505
             || |||||||||||
Sbjct  4861  GCGGCCTTCGCCAT  4874



Lambda      K        H
   0.634    0.408    0.912 

Gapped
Lambda      K        H
   0.625    0.410    0.780 

Effective search space used: 4645628




Matrix: blastn matrix 2 -3
Gap Penalties: Existence: 5, Extension: 2
